<?xml version="1.0" encoding="UTF-8"?>
<testsuite xmlns:xsi="http://www.w3.org/2001/XMLSchema-instance" xsi:schemaLocation="https://maven.apache.org/surefire/maven-surefire-plugin/xsd/surefire-test-report.xsd" name="TestSuite" time="148.053" tests="11" errors="0" skipped="1" failures="0">
  <properties>
    <property name="java.runtime.name" value="Java(TM) SE Runtime Environment"/>
    <property name="java.vm.version" value="17.0.2+8-LTS-86"/>
    <property name="sun.boot.library.path" value="/Library/Java/JavaVirtualMachines/jdk-17.0.2.jdk/Contents/Home/lib"/>
    <property name="maven.multiModuleProjectDirectory" value="/Users/varsha.tiwari/Documents/Appium_Resources/ToDoAppUIAuotmation"/>
    <property name="java.vm.vendor" value="Oracle Corporation"/>
    <property name="java.vendor.url" value="https://java.oracle.com/"/>
    <property name="guice.disable.misplaced.annotation.check" value="true"/>
    <property name="path.separator" value=":"/>
    <property name="java.vm.name" value="Java HotSpot(TM) 64-Bit Server VM"/>
    <property name="user.country" value="GB"/>
    <property name="sun.java.launcher" value="SUN_STANDARD"/>
    <property name="java.vm.specification.name" value="Java Virtual Machine Specification"/>
    <property name="user.dir" value="/Users/varsha.tiwari/Documents/Appium_Resources/ToDoAppUIAuotmation"/>
    <property name="java.vm.compressedOopsMode" value="Zero based"/>
    <property name="java.runtime.version" value="17.0.2+8-LTS-86"/>
    <property name="os.arch" value="x86_64"/>
    <property name="java.io.tmpdir" value="/var/folders/kv/mygwrvks35jgpf1197x9zc480000gr/T/"/>
    <property name="line.separator" value="&#10;"/>
    <property name="java.vm.specification.vendor" value="Oracle Corporation"/>
    <property name="os.name" value="Mac OS X"/>
    <property name="executionType" value="grid"/>
    <property name="classworlds.conf" value="/usr/local/Cellar/maven/3.9.0/libexec/bin/m2.conf"/>
    <property name="sun.jnu.encoding" value="UTF-8"/>
    <property name="java.library.path" value="/Users/varsha.tiwari/Library/Java/Extensions:/Library/Java/Extensions:/Network/Library/Java/Extensions:/System/Library/Java/Extensions:/usr/lib/java:."/>
    <property name="browserName" value="firefox"/>
    <property name="maven.conf" value="/usr/local/Cellar/maven/3.9.0/libexec/conf"/>
    <property name="jdk.debug" value="release"/>
    <property name="java.class.version" value="61.0"/>
    <property name="java.specification.name" value="Java Platform API Specification"/>
    <property name="sun.management.compiler" value="HotSpot 64-Bit Tiered Compilers"/>
    <property name="os.version" value="13.2.1"/>
    <property name="library.jansi.path" value="/usr/local/Cellar/maven/3.9.0/libexec/lib/jansi-native"/>
    <property name="http.nonProxyHosts" value="local|*.local|169.254/16|*.169.254/16"/>
    <property name="user.home" value="/Users/varsha.tiwari"/>
    <property name="user.timezone" value="Asia/Kolkata"/>
    <property name="file.encoding" value="UTF-8"/>
    <property name="java.specification.version" value="17"/>
    <property name="user.name" value="varsha.tiwari"/>
    <property name="java.class.path" value="/usr/local/Cellar/maven/3.9.0/libexec/boot/plexus-classworlds-2.6.0.jar"/>
    <property name="java.vm.specification.version" value="17"/>
    <property name="sun.arch.data.model" value="64"/>
    <property name="sun.java.command" value="org.codehaus.plexus.classworlds.launcher.Launcher clean test -DbrowserName=firefox -DexecutionType=grid"/>
    <property name="java.home" value="/Library/Java/JavaVirtualMachines/jdk-17.0.2.jdk/Contents/Home"/>
    <property name="user.language" value="en"/>
    <property name="java.specification.vendor" value="Oracle Corporation"/>
    <property name="java.vm.info" value="mixed mode, sharing"/>
    <property name="java.version" value="17.0.2"/>
    <property name="native.encoding" value="UTF-8"/>
    <property name="java.vendor" value="Oracle Corporation"/>
    <property name="sun.stderr.encoding" value="UTF-8"/>
    <property name="maven.home" value="/usr/local/Cellar/maven/3.9.0/libexec"/>
    <property name="file.separator" value="/"/>
    <property name="java.version.date" value="2022-01-18"/>
    <property name="java.vendor.url.bug" value="https://bugreport.java.com/bugreport/"/>
    <property name="sun.io.unicode.encoding" value="UnicodeBig"/>
    <property name="sun.cpu.endian" value="little"/>
    <property name="sun.stdout.encoding" value="UTF-8"/>
    <property name="socksNonProxyHosts" value="local|*.local|169.254/16|*.169.254/16"/>
    <property name="ftp.nonProxyHosts" value="local|*.local|169.254/16|*.169.254/16"/>
  </properties>
  <testcase name="testAddMultipleItemsAndMarkMultipleAsDone" classname="testScripts.HomePageTest" time="0">
    <skipped/>
    <system-err><![CDATA[Apr 01, 2023 3:56:09 PM org.openqa.selenium.remote.ProtocolHandshake createSession
INFO: Detected dialect: W3C
]]></system-err>
  </testcase>
  <testcase name="testAddMultipleItemsAndMarkMultipleAsDone" classname="testScripts.HomePageTest" time="12.787"/>
  <testcase name="testAddSingleItemToTheList" classname="testScripts.HomePageTest" time="10.723"/>
  <testcase name="testAddingEmptyString" classname="testScripts.HomePageTest" time="11.191"/>
  <testcase name="testAddingStringWithTrailingSpaces" classname="testScripts.HomePageTest" time="11.133"/>
  <testcase name="testAdditionOfMultipleItemsAndSequence" classname="testScripts.HomePageTest" time="11.676"/>
  <testcase name="testEditTextOfItemPresentInList" classname="testScripts.HomePageTest" time="10.833"/>
  <testcase name="testMarkItemAsCompletedAndClearFromList" classname="testScripts.HomePageTest" time="9.541"/>
  <testcase name="testRemoveItemFromList" classname="testScripts.HomePageTest" time="10.051"/>
  <testcase name="testToDoListAllowsDuplicateEntries" classname="testScripts.HomePageTest" time="11.968"/>
  <testcase name="testToDoListContentPostPageRefresh" classname="testScripts.HomePageTest" time="10.038"/>
</testsuite>