<?xml version="1.0" encoding="UTF-8"?>
<!-- Generated by org.testng.reporters.JUnitReportReporter -->
<testsuite hostname="IN-IT7687" failures="0" tests="11" name="testScripts.HomePageTest" time="128.236" errors="0" timestamp="2023-04-01T15:58:25 IST" skipped="1">
  <testcase classname="testScripts.HomePageTest" name="testAddingEmptyString" time="11.191"/>
  <system-out/>
  <testcase classname="testScripts.HomePageTest" name="testAddSingleItemToTheList" time="10.723"/>
  <system-out/>
  <testcase classname="testScripts.HomePageTest" name="testEditTextOfItemPresentInList" time="10.833"/>
  <system-out/>
  <testcase classname="testScripts.HomePageTest" name="testToDoListContentPostPageRefresh" time="10.038"/>
  <system-out/>
  <testcase classname="testScripts.HomePageTest" name="testAddMultipleItemsAndMarkMultipleAsDone" time="12.788"/>
  <system-out/>
  <testcase classname="testScripts.HomePageTest" name="testAddingStringWithTrailingSpaces" time="11.132"/>
  <system-out/>
  <testcase classname="testScripts.HomePageTest" name="testAdditionOfMultipleItemsAndSequence" time="11.676"/>
  <system-out/>
  <testcase classname="testScripts.HomePageTest" name="testMarkItemAsCompletedAndClearFromList" time="9.541"/>
  <system-out/>
  <testcase classname="testScripts.HomePageTest" name="testRemoveItemFromList" time="10.051"/>
  <system-out/>
  <testcase classname="testScripts.HomePageTest" name="testAddMultipleItemsAndMarkMultipleAsDone" time="18.295">
    <skipped/>
  </testcase> <!-- testAddMultipleItemsAndMarkMultipleAsDone -->
  <system-out/>
  <testcase classname="testScripts.HomePageTest" name="testToDoListAllowsDuplicateEntries" time="11.968"/>
  <system-out/>
</testsuite> <!-- testScripts.HomePageTest -->
