<?xml version="1.0" encoding="UTF-8"?>
<!-- Generated by org.testng.reporters.JUnitReportReporter -->
<testsuite hostname="IN-IT7687" failures="0" tests="10" name="testScripts.HomePageTest" time="40.991" errors="0" timestamp="2023-03-31T17:30:43 IST" skipped="0">
  <testcase classname="testScripts.HomePageTest" name="testAdditionOfMultipleItemsAndSequence" time="3.674"/>
  <system-out/>
  <testcase classname="testScripts.HomePageTest" name="testToDoListAllowsDuplicateEntries" time="3.424"/>
  <system-out/>
  <testcase classname="testScripts.HomePageTest" name="testAddingStringWithTrailingSpaces" time="3.338"/>
  <system-out/>
  <testcase classname="testScripts.HomePageTest" name="testAddSingleItemToTheList" time="3.700"/>
  <system-out/>
  <testcase classname="testScripts.HomePageTest" name="testEditTextOfItemPresentInList" time="3.791"/>
  <system-out/>
  <testcase classname="testScripts.HomePageTest" name="testMarkItemAsCompletedAndClearFromList" time="3.755"/>
  <system-out/>
  <testcase classname="testScripts.HomePageTest" name="testAddingEmptyString" time="3.913"/>
  <system-out/>
  <testcase classname="testScripts.HomePageTest" name="testAddMultipleItemsAndMarkMultipleAsDone" time="8.297"/>
  <system-out/>
  <testcase classname="testScripts.HomePageTest" name="testRemoveItemFromList" time="3.723"/>
  <system-out/>
  <testcase classname="testScripts.HomePageTest" name="testToDoListContentPostPageRefresh" time="3.376"/>
  <system-out/>
</testsuite> <!-- testScripts.HomePageTest -->
